
                                      ARENA Simulation Results
                                  Victor Freire - License: STUDENT

                                  Summary for Replication 1 of 1

Project: Unnamed Project                                             Run execution date : 4/ 4/2013
Analyst: Victor Freire                                               Model revision date: 4/ 4/2013

Replication ended at time      : 14.039301 Hours 
Base Time Units: Hours

                                           TALLY VARIABLES

Identifier                                  Average   Half Width  Minimum    Maximum   Observations
___________________________________________________________________________________________________

AviaoChegando.VATime                            --         --         --         --          0
AviaoChegando.NVATime                           --         --         --         --          0
AviaoChegando.WaitTime                          --         --         --         --          0
AviaoChegando.TranTime                          --         --         --         --          0
AviaoChegando.OtherTime                         --         --         --         --          0
AviaoChegando.TotalTime                         --         --         --         --          0
AviaoSaindo.VATime                          .72852     (Insuf)    .27153     1.1877        140    
AviaoSaindo.NVATime                         .00000     (Insuf)    .00000     .00000        140    
AviaoSaindo.WaitTime                        5.8267     (Insuf)    .33613     8.3401        140    
AviaoSaindo.TranTime                        .00000     (Insuf)    .00000     .00000        140    
AviaoSaindo.OtherTime                       .00000     (Insuf)    .00000     .00000        140    
AviaoSaindo.TotalTime                       6.5552     (Insuf)    .91397     9.1543        140    
Controle de Voo.Queue.WaitingTime           .00000     (Insuf)    .00000     .00000        140    
Portoes.Queue.WaitingTime                   .00361     (Insuf)    .00000     .09618        140    
Pistas de taxiamento.Queue.WaitingTime      2.9112     (Insuf)    .00000     5.1035        280    
Pistas de decolagem e aterissagem.Queue.Wa  5.5453E-04 (Insuf)    .00000     .01271        140    

                                     DISCRETE-CHANGE VARIABLES

Identifier                                  Average   Half Width  Minimum    Maximum   Final Value
___________________________________________________________________________________________________

AviaoChegando.WIP                           29.720     (Insuf)    .00000     79.000     .00000    
AviaoSaindo.WIP                             35.648     (Insuf)    .00000     71.000     .00000    
Controladores de voo.NumberBusy             .08380     (Insuf)    .00000     3.0000     .00000    
Controladores de voo.NumberScheduled        10.000     (Insuf)    10.000     10.000     10.000    
Controladores de voo.Utilization            .00838     (Insuf)    .00000     .30000     .00000    
Pista decolagem e aterrisagem.NumberBusy    .16183     (Insuf)    .00000     2.0000     .00000    
Pista decolagem e aterrisagem.NumberSchedu  2.0000     (Insuf)    2.0000     2.0000     2.0000    
Pista decolagem e aterrisagem.Utilization   .08092     (Insuf)    .00000     1.0000     .00000    
Portao.NumberBusy                           5.0275     (Insuf)    .00000     10.000     .00000    
Portao.NumberScheduled                      10.000     (Insuf)    10.000     10.000     10.000    
Portao.Utilization                          .50276     (Insuf)    .00000     1.0000     .00000    
Pista taxiamento.NumberBusy                 1.9915     (Insuf)    .00000     2.0000     .00000    
Pista taxiamento.NumberScheduled            2.0000     (Insuf)    2.0000     2.0000     2.0000    
Pista taxiamento.Utilization                .99577     (Insuf)    .00000     1.0000     .00000    
Controle de Voo.Queue.NumberInQueue         .00000     (Insuf)    .00000     .00000     .00000    
Portoes.Queue.NumberInQueue                 .03605     (Insuf)    .00000     3.0000     .00000    
Pistas de taxiamento.Queue.NumberInQueue    58.062     (Corr)     .00000     103.00     .00000    
Pistas de decolagem e aterissagem.Queue.Nu  .00553     (Insuf)    .00000     2.0000     .00000    

                                             COUNTERS

Identifier                                    Count   Limit
_____________________________________________________________

Operacoes de Aeronave                           280  Infinite

                                             OUTPUTS

Identifier                                   Value
_____________________________________________________________

AviaoChegando.NumberIn                      140.00    
AviaoChegando.NumberOut                     140.00    
AviaoSaindo.NumberIn                        140.00    
AviaoSaindo.NumberOut                       140.00    
Controladores de voo.NumberSeized           140.00    
Controladores de voo.ScheduledUtilization   .00838    
Pista decolagem e aterrisagem.NumberSeized  140.00    
Pista decolagem e aterrisagem.ScheduledUti  .08092    
Portao.NumberSeized                         140.00    
Portao.ScheduledUtilization                 .50276    
Pista taxiamento.NumberSeized               280.00    
Pista taxiamento.ScheduledUtilization       .99577    
System.NumberOut                            140.00    


Simulation run time: 1.22 minutes.
Simulation run complete.
